<?xml version="1.0" encoding="UTF-8"?>
<!-- Generated by org.testng.reporters.JUnitReportReporter -->
<testsuite hostname="VIPIN" failures="0" tests="1" name="com.tutorialPoint.TC.TC_01" time="59.087" errors="0" timestamp="2021-11-13T15:58:27 IST" skipped="0">
  <testcase classname="com.tutorialPoint.TC.TC_01" name="validatOptionTest" time="59.087"/>
  <system-out/>
</testsuite> <!-- com.tutorialPoint.TC.TC_01 -->
